  main.cpp
D:\Visual Studio 2022\source\repos\Graph\Graph\Edge.h(540,9): warning C4267: “初始化”: 从“size_t”转换到“int”，可能丢失数据
D:\Visual Studio 2022\source\repos\Graph\Graph\Adjacency_Matrix.h(322,14): warning C4267: “初始化”: 从“size_t”转换到“int”，可能丢失数据
D:\Visual Studio 2022\source\repos\Graph\Graph\Adjacency_Matrix.h(396,14): warning C4267: “初始化”: 从“size_t”转换到“int”，可能丢失数据
D:\Visual Studio 2022\source\repos\Graph\Graph\Adjacency_Matrix.h(477,14): warning C4267: “初始化”: 从“size_t”转换到“int”，可能丢失数据
D:\Visual Studio 2022\source\repos\Graph\Graph\Adjacency_Matrix.h(569,14): warning C4267: “初始化”: 从“size_t”转换到“int”，可能丢失数据
D:\Visual Studio 2022\source\repos\Graph\Graph\Adjacency_Matrix.h(612,9): warning C4267: “初始化”: 从“size_t”转换到“int”，可能丢失数据
D:\Visual Studio 2022\source\repos\Graph\Graph\Adjacency_Matrix.h(653,14): warning C4267: “初始化”: 从“size_t”转换到“int”，可能丢失数据
D:\Visual Studio 2022\source\repos\Graph\Graph\Adjacency_Matrix.h(727,14): warning C4267: “初始化”: 从“size_t”转换到“int”，可能丢失数据
D:\Visual Studio 2022\source\repos\Graph\Graph\Adjacency_Matrix.h(848,41): warning C4267: “参数”: 从“size_t”转换到“int”，可能丢失数据
D:\Visual Studio 2022\source\repos\Graph\Graph\Adjacency_List.h(979,14): error C3861: “adj”: 找不到标识符
D:\Visual Studio 2022\source\repos\Graph\Graph\Adjacency_List.h(980,21): error C3861: “adj”: 找不到标识符
D:\Visual Studio 2022\source\repos\Graph\Graph\Adjacency_List.h(983,23): error C2065: “adj”: 未声明的标识符
D:\Visual Studio 2022\source\repos\Graph\Graph\Adjacency_List.h(983,23): error C3861: “adj”: 找不到标识符
D:\Visual Studio 2022\source\repos\Graph\Graph\Adjacency_List.h(988,28): error C3861: “adj”: 找不到标识符
D:\Visual Studio 2022\source\repos\Graph\Graph\Adjacency_List.h(1014,23): error C2065: “adj”: 未声明的标识符
D:\Visual Studio 2022\source\repos\Graph\Graph\Adjacency_List.h(1014,23): error C3861: “adj”: 找不到标识符
D:\Visual Studio 2022\source\repos\Graph\Graph\Adjacency_List.h(1028,9): error C3861: “adj”: 找不到标识符
D:\Visual Studio 2022\source\repos\Graph\Graph\Adjacency_List.h(1030,28): error C3861: “adj”: 找不到标识符
D:\Visual Studio 2022\source\repos\Graph\Graph\Adjacency_List.h(979,14): error C2065: “adj”: 未声明的标识符
D:\Visual Studio 2022\source\repos\Graph\Graph\Adjacency_List.h(980,21): error C2065: “adj”: 未声明的标识符
D:\Visual Studio 2022\source\repos\Graph\Graph\Adjacency_List.h(988,28): error C2065: “adj”: 未声明的标识符
D:\Visual Studio 2022\source\repos\Graph\Graph\Adjacency_List.h(1028,9): error C2065: “adj”: 未声明的标识符
D:\Visual Studio 2022\source\repos\Graph\Graph\Adjacency_List.h(1030,28): error C2065: “adj”: 未声明的标识符
D:\Visual Studio 2022\source\repos\Graph\Graph\Orthogonal_List.h(504,5): warning C4984: "if constexpr" 是一种 C++17 语言扩展
D:\Visual Studio 2022\source\repos\Graph\Graph\Orthogonal_List.h(518,5): warning C4984: "if constexpr" 是一种 C++17 语言扩展
